\BOOKMARK [1][-]{section.1}{\376\377\000I\000n\000t\000r\000o\000d\000u\000c\000t\000i\000o\000n}{}% 1
\BOOKMARK [2][-]{subsection.1.1}{\376\377\000C\000o\000n\000c\000e\000p\000t\000s\000\040\000a\000n\000d\000\040\000A\000p\000p\000l\000i\000c\000a\000t\000i\000o\000n\000s}{section.1}% 2
\BOOKMARK [2][-]{subsection.1.2}{\376\377\000O\000b\000j\000e\000c\000t\000i\000v\000e\000\040\000a\000n\000d\000\040\000E\000v\000o\000l\000u\000t\000i\000o\000n}{section.1}% 3
\BOOKMARK [2][-]{subsection.1.3}{\376\377\000D\000a\000t\000a\000\040\000A\000b\000s\000t\000r\000a\000c\000t\000i\000o\000n\000\040\000a\000n\000d\000\040\000D\000a\000t\000a\000\040\000I\000n\000d\000e\000p\000e\000n\000d\000e\000n\000c\000e}{section.1}% 4
\BOOKMARK [2][-]{subsection.1.4}{\376\377\000S\000c\000h\000e\000m\000a\000\040\000a\000n\000d\000\040\000I\000n\000s\000t\000a\000n\000c\000e\000s}{section.1}% 5
\BOOKMARK [2][-]{subsection.1.5}{\376\377\000C\000o\000n\000c\000e\000p\000t\000s\000\040\000o\000f\000\040\000D\000D\000L\000,\000\040\000D\000M\000L\000\040\000a\000n\000d\000\040\000D\000C\000L}{section.1}% 6
\BOOKMARK [1][-]{section.2}{\376\377\000D\000a\000t\000a\000\040\000M\000o\000d\000e\000l\000s}{}% 7
\BOOKMARK [2][-]{subsection.2.1}{\376\377\000L\000o\000g\000i\000c\000a\000l\000,\000\040\000P\000h\000y\000s\000i\000c\000a\000l\000\040\000a\000n\000d\000\040\000C\000o\000n\000c\000e\000p\000t\000u\000a\000l}{section.2}% 8
\BOOKMARK [2][-]{subsection.2.2}{\376\377\000E\000-\000R\000\040\000M\000o\000d\000e\000l}{section.2}% 9
\BOOKMARK [2][-]{subsection.2.3}{\376\377\000E\000n\000t\000i\000t\000i\000e\000s\000\040\000a\000n\000d\000\040\000E\000n\000t\000i\000t\000i\000e\000s\000\040\000s\000e\000t\000s}{section.2}% 10
\BOOKMARK [2][-]{subsection.2.4}{\376\377\000S\000t\000r\000o\000n\000g\000\040\000a\000n\000d\000\040\000W\000e\000a\000k\000\040\000E\000n\000t\000i\000t\000y\000\040\000S\000e\000t\000s}{section.2}% 11
\BOOKMARK [2][-]{subsection.2.5}{\376\377\000A\000t\000t\000r\000i\000b\000u\000t\000e\000\040\000a\000n\000d\000\040\000K\000e\000y\000s}{section.2}% 12
\BOOKMARK [2][-]{subsection.2.6}{\376\377\000E\000-\000R\000\040\000D\000i\000a\000g\000r\000a\000m}{section.2}% 13
\BOOKMARK [2][-]{subsection.2.7}{\376\377\000A\000l\000t\000e\000r\000n\000a\000t\000e\000\040\000D\000a\000t\000a\000\040\000M\000o\000d\000e\000l\000\040\000\050\000h\000i\000e\000r\000a\000r\000c\000h\000i\000c\000a\000l\000,\000\040\000n\000e\000t\000w\000o\000r\000k\000,\000\040\000g\000r\000a\000p\000h\000\051}{section.2}% 14
\BOOKMARK [1][-]{section.3}{\376\377\000R\000e\000l\000a\000t\000i\000o\000n\000a\000l\000\040\000L\000a\000n\000g\000u\000a\000g\000e\000s\000\040\000a\000n\000d\000\040\000R\000e\000l\000a\000t\000i\000o\000n\000a\000l\000\040\000M\000o\000d\000e\000l}{}% 15
\BOOKMARK [2][-]{subsection.3.1}{\376\377\000I\000n\000t\000r\000o\000d\000u\000c\000t\000i\000o\000n\000\040\000t\000o\000\040\000S\000Q\000L}{section.3}% 16
\BOOKMARK [2][-]{subsection.3.2}{\376\377\000F\000e\000a\000t\000u\000r\000e\000s\000\040\000o\000f\000\040\000S\000Q\000L}{section.3}% 17
\BOOKMARK [2][-]{subsection.3.3}{\376\377\000Q\000u\000e\000r\000i\000e\000s\000\040\000a\000n\000d\000\040\000S\000u\000b\000-\000Q\000u\000e\000r\000i\000e\000s}{section.3}% 18
\BOOKMARK [2][-]{subsection.3.4}{\376\377\000S\000e\000t\000\040\000O\000p\000e\000r\000a\000t\000i\000o\000n\000s}{section.3}% 19
\BOOKMARK [2][-]{subsection.3.5}{\376\377\000R\000e\000l\000a\000t\000i\000o\000n\000s\000\040\000\050\000J\000o\000i\000n\000e\000d\000,\000D\000e\000r\000i\000v\000e\000d\000\051}{section.3}% 20
\BOOKMARK [2][-]{subsection.3.6}{\376\377\000Q\000u\000e\000r\000i\000e\000s\000\040\000u\000n\000d\000e\000r\000\040\000D\000D\000L\000\040\000a\000n\000d\000\040\000D\000M\000L\000\040\000C\000o\000m\000m\000a\000n\000d\000s}{section.3}% 21
\BOOKMARK [2][-]{subsection.3.7}{\376\377\000E\000m\000b\000e\000d\000d\000e\000d\000\040\000S\000Q\000L}{section.3}% 22
\BOOKMARK [2][-]{subsection.3.8}{\376\377\000V\000i\000e\000w\000s}{section.3}% 23
\BOOKMARK [2][-]{subsection.3.9}{\376\377\000R\000e\000l\000a\000t\000i\000o\000n\000a\000l\000\040\000A\000l\000g\000e\000b\000r\000a}{section.3}% 24
\BOOKMARK [2][-]{subsection.3.10}{\376\377\000D\000a\000t\000a\000b\000a\000s\000e\000\040\000M\000o\000d\000i\000f\000i\000c\000a\000t\000i\000o\000n}{section.3}% 25
\BOOKMARK [2][-]{subsection.3.11}{\376\377\000Q\000B\000E\000\040\000a\000n\000d\000\040\000d\000o\000m\000a\000i\000n\000\040\000r\000e\000l\000a\000t\000i\000o\000n\000a\000l\000\040\000c\000a\000l\000c\000u\000l\000u\000s}{section.3}% 26
\BOOKMARK [2][-]{subsection.3.12}{\376\377\000N\000u\000m\000e\000r\000i\000c\000a\000l\000s}{section.3}% 27
\BOOKMARK [1][-]{section.4}{\376\377\000D\000a\000t\000a\000b\000a\000s\000e\000\040\000C\000o\000n\000s\000t\000r\000a\000i\000n\000t\000s\000\040\000a\000n\000d\000\040\000N\000o\000r\000m\000a\000l\000i\000z\000a\000t\000i\000o\000n}{}% 28
\BOOKMARK [2][-]{subsection.4.1}{\376\377\000I\000n\000t\000e\000g\000r\000i\000t\000y\000\040\000C\000o\000n\000s\000t\000r\000a\000i\000n\000t\000s\000\040\000a\000n\000d\000\040\000D\000o\000m\000a\000i\000n\000\040\000C\000o\000n\000s\000t\000r\000a\000i\000n\000t\000s}{section.4}% 29
\BOOKMARK [2][-]{subsection.4.2}{\376\377\000A\000s\000s\000e\000r\000t\000i\000o\000n\000s\000\040\000a\000n\000d\000\040\000T\000r\000i\000g\000g\000e\000r\000i\000n\000g}{section.4}% 30
\BOOKMARK [2][-]{subsection.4.3}{\376\377\000F\000u\000n\000c\000t\000i\000o\000n\000a\000l\000\040\000D\000e\000p\000e\000n\000d\000e\000n\000c\000i\000e\000s}{section.4}% 31
\BOOKMARK [2][-]{subsection.4.4}{\376\377\000M\000u\000l\000t\000i\040\020\000v\000a\000l\000u\000e\000d\000\040\000a\000n\000d\000\040\000J\000o\000i\000n\000e\000d\000\040\000D\000e\000p\000e\000n\000d\000e\000n\000c\000i\000e\000s}{section.4}% 32
\BOOKMARK [2][-]{subsection.4.5}{\376\377\000D\000i\000f\000f\000e\000r\000e\000n\000t\000\040\000N\000o\000r\000m\000a\000l\000\040\000F\000o\000r\000m\000s\000\050\0001\000s\000t\000,\000\040\0002\000n\000d\000,\000\040\0003\000r\000d\000,\000\040\000B\000C\000N\000F\000,\000\040\000D\000K\000N\000F\000\051}{section.4}% 33
\BOOKMARK [1][-]{section.5}{\376\377\000Q\000u\000e\000r\000y\000\040\000P\000r\000o\000c\000e\000s\000s\000i\000n\000g\000\040\000a\000n\000d\000\040\000O\000p\000t\000i\000m\000i\000z\000a\000t\000i\000o\000n}{}% 34
\BOOKMARK [2][-]{subsection.5.1}{\376\377\000P\000i\000p\000e\000l\000i\000n\000i\000n\000g}{section.5}% 35
\BOOKMARK [2][-]{subsection.5.2}{\376\377\000Q\000u\000e\000r\000y\000\040\000C\000o\000s\000t\000\040\000E\000s\000t\000i\000m\000a\000t\000i\000o\000n}{section.5}% 36
\BOOKMARK [2][-]{subsection.5.3}{\376\377\000Q\000u\000e\000r\000y\000\040\000O\000p\000e\000r\000a\000t\000i\000o\000n\000s}{section.5}% 37
\BOOKMARK [2][-]{subsection.5.4}{\376\377\000E\000v\000a\000l\000u\000a\000t\000i\000o\000n\000\040\000o\000f\000\040\000E\000x\000p\000r\000e\000s\000s\000i\000o\000n\000s}{section.5}% 38
\BOOKMARK [2][-]{subsection.5.5}{\376\377\000Q\000u\000e\000r\000y\000\040\000O\000p\000t\000i\000m\000i\000z\000a\000t\000i\000o\000n}{section.5}% 39
\BOOKMARK [2][-]{subsection.5.6}{\376\377\000Q\000u\000e\000r\000y\000\040\000D\000e\000c\000o\000m\000p\000o\000s\000i\000t\000i\000o\000n}{section.5}% 40
\BOOKMARK [2][-]{subsection.5.7}{\376\377\000P\000e\000r\000f\000o\000r\000m\000a\000n\000c\000e\000\040\000T\000u\000n\000i\000n\000g}{section.5}% 41
\BOOKMARK [1][-]{section.6}{\376\377\000F\000i\000l\000e\000\040\000S\000t\000r\000u\000c\000t\000u\000r\000e\000\040\000a\000n\000d\000\040\000H\000a\000s\000h\000i\000n\000g}{}% 42
\BOOKMARK [2][-]{subsection.6.1}{\376\377\000R\000e\000c\000o\000r\000d\000s\000\040\000O\000r\000g\000a\000n\000i\000z\000a\000t\000i\000o\000n\000s}{section.6}% 43
\BOOKMARK [2][-]{subsection.6.2}{\376\377\000D\000i\000s\000k\000s\000,\000\040\000S\000t\000o\000r\000a\000g\000e\000,\000\040\000a\000n\000d\000\040\000R\000A\000I\000D}{section.6}% 44
\BOOKMARK [2][-]{subsection.6.3}{\376\377\000R\000e\000m\000o\000t\000e\000\040\000B\000a\000c\000k\000u\000p\000\040\000S\000y\000s\000t\000e\000m}{section.6}% 45
\BOOKMARK [2][-]{subsection.6.4}{\376\377\000H\000a\000s\000h\000i\000n\000g\000\040\000C\000o\000n\000c\000e\000p\000t\000s\000,\000\040\000S\000t\000a\000t\000i\000c\000\040\000a\000n\000d\000\040\000D\000y\000n\000a\000m\000i\000c\000\040\000H\000a\000s\000h\000i\000n\000g}{section.6}% 46
\BOOKMARK [2][-]{subsection.6.5}{\376\377\000O\000r\000d\000e\000r\000\040\000I\000n\000d\000i\000c\000e\000s}{section.6}% 47
\BOOKMARK [2][-]{subsection.6.6}{\376\377\000B\000+\000\040\000t\000r\000e\000e\000\040\000i\000n\000d\000e\000x}{section.6}% 48
\BOOKMARK [1][-]{section.7}{\376\377\000T\000r\000a\000n\000s\000a\000c\000t\000i\000o\000n\000s\000\040\000p\000r\000o\000c\000e\000s\000s\000i\000n\000g\000\040\000a\000n\000d\000\040\000C\000o\000n\000c\000u\000r\000r\000e\000n\000c\000y\000\040\000C\000o\000n\000t\000r\000o\000l}{}% 49
\BOOKMARK [2][-]{subsection.7.1}{\376\377\000T\000r\000a\000n\000s\000a\000c\000t\000i\000o\000n\000s}{section.7}% 50
\BOOKMARK [2][-]{subsection.7.2}{\376\377\000A\000C\000I\000D\000\040\000p\000r\000o\000p\000e\000r\000t\000i\000e\000s}{section.7}% 51
\BOOKMARK [2][-]{subsection.7.3}{\376\377\000C\000o\000n\000c\000u\000r\000r\000e\000n\000t\000\040\000E\000x\000e\000c\000u\000t\000i\000o\000n\000s}{section.7}% 52
\BOOKMARK [2][-]{subsection.7.4}{\376\377\000S\000e\000r\000i\000a\000l\000i\000z\000a\000b\000i\000l\000i\000t\000y\000\040\000C\000o\000n\000c\000e\000p\000t}{section.7}% 53
\BOOKMARK [2][-]{subsection.7.5}{\376\377\000L\000o\000c\000k\000\040\000b\000a\000s\000e\000d\000\040\000P\000r\000o\000t\000o\000c\000o\000l\000s}{section.7}% 54
\BOOKMARK [2][-]{subsection.7.6}{\376\377\000D\000e\000a\000d\000l\000o\000c\000k\000\040\000h\000a\000n\000d\000l\000i\000n\000g\000\040\000a\000n\000d\000\040\000P\000r\000e\000v\000e\000n\000t\000i\000o\000n}{section.7}% 55
\BOOKMARK [1][-]{section.8}{\376\377\000C\000r\000a\000s\000h\000\040\000R\000e\000c\000o\000v\000e\000r\000y}{}% 56
\BOOKMARK [2][-]{subsection.8.1}{\376\377\000F\000a\000i\000l\000u\000r\000e\000\040\000C\000l\000a\000s\000s\000i\000f\000i\000c\000a\000t\000i\000o\000n}{section.8}% 57
\BOOKMARK [2][-]{subsection.8.2}{\376\377\000R\000e\000c\000o\000v\000e\000r\000y\000\040\000a\000n\000d\000\040\000A\000t\000o\000m\000i\000c\000i\000t\000y}{section.8}% 58
\BOOKMARK [2][-]{subsection.8.3}{\376\377\000L\000o\000g\040\020\000b\000a\000s\000e\000d\000\040\000R\000e\000c\000o\000v\000e\000r\000y}{section.8}% 59
\BOOKMARK [2][-]{subsection.8.4}{\376\377\000S\000h\000a\000d\000o\000w\000\040\000p\000a\000g\000i\000n\000g}{section.8}% 60
\BOOKMARK [2][-]{subsection.8.5}{\376\377\000A\000d\000v\000a\000n\000c\000e\000d\000\040\000R\000e\000c\000o\000v\000e\000r\000y\000\040\000T\000e\000c\000h\000n\000i\000q\000u\000e\000s}{section.8}% 61
\BOOKMARK [1][-]{section.9}{\376\377\000A\000d\000v\000a\000n\000c\000e\000d\000\040\000d\000a\000t\000a\000b\000a\000s\000e\000\040\000C\000o\000n\000c\000e\000p\000t\000s}{}% 62
\BOOKMARK [2][-]{subsection.9.1}{\376\377\000C\000o\000n\000c\000e\000p\000t\000\040\000o\000f\000\040\000O\000b\000j\000e\000t\040\020\000O\000r\000i\000e\000n\000t\000e\000d\000\040\000a\000n\000d\000\040\000D\000i\000s\000t\000r\000i\000b\000u\000t\000e\000d\000\040\000D\000a\000t\000a\000b\000a\000s\000e\000\040\000M\000o\000d\000e\000l}{section.9}% 63
\BOOKMARK [2][-]{subsection.9.2}{\376\377\000P\000r\000o\000p\000e\000r\000t\000i\000e\000s\000\040\000o\000f\000\040\000P\000a\000r\000a\000l\000l\000e\000l\000\040\000a\000n\000d\000\040\000D\000i\000s\000t\000r\000i\000b\000u\000t\000e\000d\000\040\000D\000a\000t\000a\000b\000a\000s\000e\000s}{section.9}% 64
\BOOKMARK [2][-]{subsection.9.3}{\376\377\000C\000o\000n\000c\000e\000p\000t\000\040\000o\000f\000\040\000D\000a\000t\000a\000\040\000w\000a\000r\000e\000h\000o\000u\000s\000e\000\040\000D\000a\000t\000a\000b\000a\000s\000e}{section.9}% 65
\BOOKMARK [2][-]{subsection.9.4}{\376\377\000C\000o\000n\000c\000e\000p\000t\000\040\000o\000f\000\040\000S\000p\000a\000t\000i\000a\000l\000\040\000D\000a\000t\000a\000b\000a\000s\000e}{section.9}% 66
