\BOOKMARK [1][-]{section.1}{\376\377\000I\000n\000t\000r\000o\000d\000u\000c\000t\000i\000o\000n\000\040\000t\000o\000\040\000C\000o\000m\000p\000u\000t\000e\000r\000\040\000N\000e\000t\000w\000o\000r\000k}{}% 1
\BOOKMARK [2][-]{subsection.1.1}{\376\377\000C\000o\000m\000p\000u\000t\000e\000r\000\040\000N\000e\000t\000w\000o\000r\000k\000\040\000\046\000\040\000U\000s\000e\000s}{section.1}% 2
\BOOKMARK [2][-]{subsection.1.2}{\376\377\000N\000e\000t\000w\000o\000r\000k\000i\000n\000g\000\040\000m\000o\000d\000e\000l\000:\000\040\000c\000l\000i\000e\000n\000t\000/\000s\000e\000r\000v\000e\000r\000,\000\040\000P\0002\000P\000,\000\040\000a\000c\000t\000i\000v\000e\000\040\000n\000e\000t\000w\000o\000r\000k}{section.1}% 3
\BOOKMARK [2][-]{subsection.1.3}{\376\377\000N\000e\000t\000w\000o\000r\000k\000\040\000S\000o\000f\000t\000w\000a\000r\000e\000,\000\040\000P\000r\000o\000t\000o\000c\000o\000l\000s\000\040\000a\000n\000d\000\040\000S\000t\000a\000n\000d\000a\000r\000d\000s}{section.1}% 4
\BOOKMARK [2][-]{subsection.1.4}{\376\377\000O\000S\000I\000\040\000m\000o\000d\000e\000l\000\040\000a\000n\000d\000\040\000T\000C\000P\000/\000I\000P\000\040\000m\000o\000d\000e\000l}{section.1}% 5
\BOOKMARK [2][-]{subsection.1.5}{\376\377\000C\000o\000m\000p\000a\000r\000i\000s\000o\000n\000\040\000o\000f\000\040\000O\000S\000I\000\040\000a\000n\000d\000\040\000T\000C\000P\000/\000I\000P\000\040\000m\000o\000d\000e\000l}{section.1}% 6
\BOOKMARK [2][-]{subsection.1.6}{\376\377\000D\000a\000t\000a\000\040\000E\000n\000c\000a\000p\000s\000u\000l\000a\000t\000i\000o\000n}{section.1}% 7
\BOOKMARK [2][-]{subsection.1.7}{\376\377\000E\000x\000a\000m\000p\000l\000e\000\040\000n\000e\000t\000w\000o\000r\000k\000:\000\040\000T\000h\000e\000\040\000I\000n\000t\000e\000r\000n\000e\000t\000,\000\040\000X\000.\0002\0005\000,\000\040\000F\000r\000a\000m\000e\000\040\000R\000e\000l\000a\000y\000,\000\040\000E\000t\000h\000e\000r\000n\000e\000t\000,\000\040\000V\000o\000I\000P\000,\000\040\000N\000G\000N\000\040\000a\000n\000d\000\040\000M\000P\000L\000S\000,\000\040\000x\000D\000S\000L}{section.1}% 8
\BOOKMARK [1][-]{section.2}{\376\377\000P\000h\000y\000s\000i\000c\000a\000l\000\040\000L\000a\000y\000e\000r}{}% 9
\BOOKMARK [2][-]{subsection.2.1}{\376\377\000N\000e\000t\000w\000o\000r\000k\000\040\000m\000o\000n\000i\000t\000o\000r\000i\000n\000g\000:\000\040\000d\000e\000l\000a\000y\000,\000\040\000l\000a\000t\000e\000n\000c\000y\000,\000\040\000t\000h\000r\000o\000u\000g\000h\000p\000u\000t}{section.2}% 10
\BOOKMARK [2][-]{subsection.2.2}{\376\377\000T\000r\000a\000n\000s\000m\000i\000s\000s\000i\000o\000n\000\040\000m\000e\000d\000i\000a\000:\000\040\000T\000w\000i\000s\000t\000e\000d\000\040\000p\000a\000i\000r\000,\000\040\000C\000o\000a\000x\000i\000a\000l\000,\000\040\000F\000i\000b\000e\000r\000\040\000o\000p\000t\000i\000c\000,\000\040\000L\000i\000n\000e\000-\000o\000f\000-\000s\000i\000t\000e\000,\000\040\000S\000a\000t\000e\000l\000l\000i\000t\000e}{section.2}% 11
\BOOKMARK [2][-]{subsection.2.3}{\376\377\000M\000u\000l\000t\000i\000p\000l\000e\000x\000i\000n\000g\000,\000\040\000C\000i\000r\000c\000u\000i\000t\000\040\000s\000w\000i\000t\000c\000h\000i\000n\000g\000,\000\040\000P\000a\000c\000k\000e\000t\000\040\000s\000w\000i\000t\000c\000h\000i\000n\000g\000,\000\040\000V\000C\000\040\000S\000w\000i\000t\000c\000h\000i\000n\000g\000,\000\040\000T\000e\000l\000e\000c\000o\000m\000m\000u\000n\000i\000c\000a\000t\000i\000o\000n\000\040\000s\000w\000i\000t\000c\000h\000i\000n\000g\000\040\000s\000y\000s\000t\000e\000m\000\040\000\050\000N\000e\000t\000w\000o\000r\000k\000i\000n\000g\000\040\000o\000f\000\040\000T\000e\000l\000e\000p\000h\000o\000n\000e\000\040\000e\000x\000c\000h\000a\000n\000g\000e\000s\000\051}{section.2}% 12
\BOOKMARK [2][-]{subsection.2.4}{\376\377\000I\000S\000D\000N\000:\000\040\000A\000r\000c\000h\000i\000t\000e\000c\000t\000u\000r\000e\000,\000\040\000I\000n\000t\000e\000r\000f\000a\000c\000e\000,\000\040\000a\000n\000d\000\040\000S\000i\000g\000n\000a\000l\000i\000n\000g}{section.2}% 13
\BOOKMARK [1][-]{section.3}{\376\377\000D\000a\000t\000a\000\040\000L\000i\000n\000k\000\040\000L\000a\000y\000e\000r}{}% 14
\BOOKMARK [2][-]{subsection.3.1}{\376\377\000F\000u\000n\000c\000t\000i\000o\000n\000s\000\040\000o\000f\000\040\000D\000a\000t\000a\000\040\000l\000i\000n\000k\000\040\000l\000a\000y\000e\000r}{section.3}% 15
\BOOKMARK [2][-]{subsection.3.2}{\376\377\000F\000r\000a\000m\000i\000n\000g}{section.3}% 16
\BOOKMARK [2][-]{subsection.3.3}{\376\377\000E\000r\000r\000o\000r\000\040\000D\000e\000t\000e\000c\000t\000i\000o\000n\000\040\000a\000n\000d\000\040\000C\000o\000r\000r\000e\000c\000t\000i\000o\000n\000s}{section.3}% 17
\BOOKMARK [2][-]{subsection.3.4}{\376\377\000F\000l\000o\000w\000\040\000C\000o\000n\000t\000r\000o\000l}{section.3}% 18
\BOOKMARK [2][-]{subsection.3.5}{\376\377\000E\000x\000a\000m\000p\000l\000e\000s\000\040\000o\000f\000\040\000D\000a\000t\000a\000\040\000L\000i\000n\000k\000\040\000P\000r\000o\000t\000o\000c\000o\000l\000,\000\040\000H\000D\000L\000C\000,\000\040\000P\000P\000P}{section.3}% 19
\BOOKMARK [2][-]{subsection.3.6}{\376\377\000T\000h\000e\000\040\000M\000e\000d\000i\000u\000m\000\040\000A\000c\000c\000e\000s\000s\000\040\000S\000u\000b\000-\000l\000a\000y\000e\000r}{section.3}% 20
\BOOKMARK [2][-]{subsection.3.7}{\376\377\000T\000h\000e\000\040\000c\000h\000a\000n\000n\000e\000l\000\040\000a\000l\000l\000o\000c\000a\000t\000i\000o\000n\000\040\000p\000r\000o\000b\000l\000e\000m}{section.3}% 21
\BOOKMARK [2][-]{subsection.3.8}{\376\377\000M\000u\000l\000t\000i\000p\000l\000e\000\040\000A\000c\000c\000e\000s\000s\000\040\000P\000r\000o\000t\000o\000c\000o\000l\000s}{section.3}% 22
\BOOKMARK [2][-]{subsection.3.9}{\376\377\000E\000t\000h\000e\000r\000n\000e\000t}{section.3}% 23
\BOOKMARK [2][-]{subsection.3.10}{\376\377\000N\000e\000t\000w\000o\000r\000k\000s\000:\000\040\000F\000D\000D\000I\000,\000\040\000A\000L\000O\000H\000A\000,\000\040\000V\000L\000A\000N\000,\000\040\000C\000S\000M\000A\000/\000C\000D\000,\000\040\000I\000E\000E\000E\000\040\0008\0000\0002\000.\0003\000\050\000E\000t\000h\000e\000r\000n\000e\000t\000\051\000,\000\040\0008\0000\0002\000.\0004\000\050\000T\000o\000k\000e\000n\000\040\000B\000u\000s\000\051\000,\000\040\0008\0000\0002\000.\0005\000\050\000T\000o\000k\000e\000n\000\040\000R\000i\000n\000g\000\051\000,\000\040\000a\000n\000d\000\040\0008\0000\0002\000.\0001\000\050\000W\000i\000r\000e\000l\000e\000s\000s\000\040\000L\000A\000N\000\051}{section.3}% 24
\BOOKMARK [2][-]{subsection.3.11}{\376\377\000N\000u\000m\000e\000r\000i\000c\000a\000l\000s}{section.3}% 25
\BOOKMARK [1][-]{section.4}{\376\377\000N\000e\000t\000w\000o\000r\000k\000\040\000L\000a\000y\000e\000r}{}% 26
\BOOKMARK [2][-]{subsection.4.1}{\376\377\000I\000n\000t\000e\000r\000n\000e\000t\000\040\000w\000o\000r\000k\000i\000n\000g\000\040\000a\000n\000d\000\040\000d\000e\000v\000i\000c\000e\000s\000:\000\040\000R\000e\000p\000e\000a\000t\000e\000r\000s\000,\000\040\000H\000u\000b\000s\000,\000\040\000B\000r\000i\000d\000g\000e\000s\000,\000\040\000S\000w\000i\000t\000c\000h\000e\000s\000,\000\040\000R\000o\000u\000t\000e\000r\000,\000\040\000G\000a\000t\000e\000w\000a\000y}{section.4}% 27
\BOOKMARK [2][-]{subsection.4.2}{\376\377\000A\000d\000d\000r\000e\000s\000s\000i\000n\000g\000:\000\040\000I\000n\000t\000e\000r\000n\000e\000t\000\040\000a\000d\000d\000r\000e\000s\000s\000,\000\040\000c\000l\000a\000s\000s\000f\000u\000l\000\040\000a\000d\000d\000r\000e\000s\000s}{section.4}% 28
\BOOKMARK [2][-]{subsection.4.3}{\376\377\000S\000u\000b\000n\000e\000t\000t\000i\000n\000g}{section.4}% 29
\BOOKMARK [2][-]{subsection.4.4}{\376\377\000R\000o\000u\000t\000i\000n\000g\000:\000\040\000t\000e\000c\000h\000n\000i\000q\000u\000e\000s\000,\000\040\000s\000t\000a\000t\000i\000c\000\040\000v\000s\000.\000\040\000d\000y\000n\000a\000m\000i\000c\000\040\000r\000o\000u\000t\000i\000n\000g\000\040\000,\000\040\000r\000o\000u\000t\000i\000n\000g\000\040\000t\000a\000b\000l\000e\000\040\000f\000o\000r\000\040\000c\000l\000a\000s\000s\000f\000u\000l\000\040\000a\000d\000d\000r\000e\000s\000s}{section.4}% 30
\BOOKMARK [2][-]{subsection.4.5}{\376\377\000R\000o\000u\000t\000i\000n\000g\000\040\000P\000r\000o\000t\000o\000c\000o\000l\000s\000:\000\040\000R\000I\000P\000,\000\040\000O\000S\000P\000F\000,\000\040\000B\000G\000P\000,\000\040\000U\000n\000i\000c\000a\000s\000t\000\040\000a\000n\000d\000\040\000m\000u\000l\000t\000i\000c\000a\000s\000t\000\040\000r\000o\000u\000t\000i\000n\000g\000\040\000p\000r\000o\000t\000o\000c\000o\000l\000s}{section.4}% 31
\BOOKMARK [2][-]{subsection.4.6}{\376\377\000R\000o\000u\000t\000i\000n\000g\000\040\000a\000l\000g\000o\000r\000i\000t\000h\000m\000s\000:\000\040\000s\000h\000o\000r\000t\000e\000s\000t\000\040\000p\000a\000t\000h\000\040\000a\000l\000g\000o\000r\000i\000t\000h\000m\000,\000\040\000f\000l\000o\000o\000d\000i\000n\000g\000,\000\040\000d\000i\000s\000t\000a\000n\000c\000e\000\040\000v\000e\000c\000t\000o\000r\000\040\000r\000o\000u\000t\000i\000n\000g\000,\000\040\000l\000i\000n\000k\000\040\000s\000t\000a\000t\000e\000\040\000r\000o\000u\000t\000i\000n\000g\000;\000\040\000P\000r\000o\000t\000o\000c\000o\000l\000s\000:\000\040\000A\000R\000P\000,\000\040\000R\000A\000R\000P\000,\000\040\000I\000P\000,\000\040\000I\000C\000M\000P}{section.4}% 32
\BOOKMARK [1][-]{section.5}{\376\377\000T\000r\000a\000n\000s\000p\000o\000r\000t\000\040\000L\000a\000y\000e\000r}{}% 33
\BOOKMARK [2][-]{subsection.5.1}{\376\377\000T\000h\000e\000\040\000t\000r\000a\000n\000s\000p\000o\000r\000t\000\040\000s\000e\000r\000v\000i\000c\000e\000:\000\040\000S\000e\000r\000v\000i\000c\000e\000s\000\040\000p\000r\000o\000v\000i\000d\000e\000d\000\040\000t\000o\000\040\000t\000h\000e\000\040\000u\000p\000p\000e\000r\000\040\000l\000a\000y\000e\000r\000s}{section.5}% 34
\BOOKMARK [2][-]{subsection.5.2}{\376\377\000T\000r\000a\000n\000s\000p\000o\000r\000t\000\040\000p\000r\000o\000t\000o\000c\000o\000l\000s\000:\000\040\000U\000D\000P\000,\000\040\000T\000C\000P}{section.5}% 35
\BOOKMARK [2][-]{subsection.5.3}{\376\377\000P\000o\000r\000t\000\040\000a\000n\000d\000\040\000S\000o\000c\000k\000e\000t}{section.5}% 36
\BOOKMARK [2][-]{subsection.5.4}{\376\377\000C\000o\000n\000n\000e\000c\000t\000i\000o\000n\000\040\000e\000s\000t\000a\000b\000l\000i\000s\000h\000m\000e\000n\000t\000,\000\040\000C\000o\000n\000n\000e\000c\000t\000i\000o\000n\000\040\000r\000e\000l\000e\000a\000s\000e}{section.5}% 37
\BOOKMARK [2][-]{subsection.5.5}{\376\377\000F\000l\000o\000w\000\040\000c\000o\000n\000t\000r\000o\000l\000\040\000a\000n\000d\000\040\000b\000u\000f\000f\000e\000r\000i\000n\000g}{section.5}% 38
\BOOKMARK [2][-]{subsection.5.6}{\376\377\000M\000u\000l\000t\000i\000p\000l\000e\000x\000i\000n\000g\000\040\000a\000n\000d\000\040\000d\000e\000-\000m\000u\000l\000t\000i\000p\000l\000e\000x\000i\000n\000g}{section.5}% 39
\BOOKMARK [2][-]{subsection.5.7}{\376\377\000C\000o\000n\000g\000e\000s\000t\000i\000o\000n\000\040\000c\000o\000n\000t\000r\000o\000l\000\040\000a\000l\000g\000o\000r\000i\000t\000h\000m\000:\000\040\000T\000o\000k\000e\000n\000\040\000B\000u\000c\000k\000e\000t\000\040\000a\000n\000d\000\040\000L\000e\000a\000k\000y\000\040\000B\000u\000c\000k\000e\000t\000\040\000T\000r\000a\000n\000s\000p\000o\000r\000t\000\040\000L\000a\000y\000e\000r}{section.5}% 40
\BOOKMARK [1][-]{section.6}{\376\377\000A\000p\000p\000l\000i\000c\000a\000t\000i\000o\000n\000\040\000L\000a\000y\000e\000r}{}% 41
\BOOKMARK [2][-]{subsection.6.1}{\376\377\000W\000e\000b\000:\000\040\000H\000T\000T\000P\000\040\000a\000n\000d\000\040\000H\000T\000T\000P\000S}{section.6}% 42
\BOOKMARK [2][-]{subsection.6.2}{\376\377\000F\000i\000l\000e\000\040\000T\000r\000a\000n\000s\000f\000e\000r\000:\000\040\000F\000T\000P\000,\000\040\000P\000u\000T\000T\000Y\000,\000\040\000W\000i\000n\000S\000C\000P}{section.6}% 43
\BOOKMARK [2][-]{subsection.6.3}{\376\377\000E\000l\000e\000c\000t\000r\000o\000n\000i\000c\000\040\000M\000a\000i\000l\000:\000\040\000S\000M\000T\000P\000,\000\040\000P\000O\000P\0003\000,\000\040\000I\000M\000A\000P}{section.6}% 44
\BOOKMARK [2][-]{subsection.6.4}{\376\377\000D\000N\000S}{section.6}% 45
\BOOKMARK [2][-]{subsection.6.5}{\376\377\000P\0002\000P\000A\000p\000p\000l\000i\000c\000a\000t\000i\000o\000n\000s}{section.6}% 46
\BOOKMARK [2][-]{subsection.6.6}{\376\377\000S\000o\000c\000k\000e\000t\000\040\000P\000r\000o\000g\000r\000a\000m\000m\000i\000n\000g}{section.6}% 47
\BOOKMARK [2][-]{subsection.6.7}{\376\377\000A\000p\000p\000l\000i\000c\000a\000t\000i\000o\000n\000\040\000s\000e\000r\000v\000e\000r\000\040\000c\000o\000n\000c\000e\000p\000t\000\040\000p\000r\000o\000x\000y\000\040\000c\000a\000c\000h\000i\000n\000g\000,\000\040\000W\000e\000b\000/\000M\000a\000i\000l\000/\000D\000N\000S\000\040\000s\000e\000r\000v\000e\000r\000\040\000o\000p\000t\000i\000m\000i\000z\000a\000t\000i\000o\000n}{section.6}% 48
\BOOKMARK [2][-]{subsection.6.8}{\376\377\000C\000o\000n\000c\000e\000p\000t\000\040\000o\000f\000\040\000t\000r\000a\000f\000f\000i\000c\000\040\000a\000n\000a\000l\000y\000z\000e\000r\000:\000\040\000M\000R\000T\000G\000,\000\040\000P\000R\000T\000G\000,\000\040\000S\000N\000M\000P\000,\000\040\000P\000a\000c\000k\000e\000t\000\040\000t\000r\000a\000c\000e\000r\000,\000\040\000W\000i\000r\000e\000s\000h\000a\000r\000k\000.}{section.6}% 49
\BOOKMARK [1][-]{section.7}{\376\377\000I\000n\000t\000r\000o\000d\000u\000c\000t\000i\000o\000n\000\040\000t\000o\000\040\000I\000P\000V\0006}{}% 50
\BOOKMARK [2][-]{subsection.7.1}{\376\377\000I\000P\000v\0006\000-\000\040\000A\000d\000v\000a\000n\000t\000a\000g\000e\000s}{section.7}% 51
\BOOKMARK [2][-]{subsection.7.2}{\376\377\000P\000a\000c\000k\000e\000t\000\040\000f\000o\000r\000m\000a\000t\000s}{section.7}% 52
\BOOKMARK [2][-]{subsection.7.3}{\376\377\000E\000x\000t\000e\000n\000s\000i\000o\000n\000\040\000h\000e\000a\000d\000e\000r\000s}{section.7}% 53
\BOOKMARK [2][-]{subsection.7.4}{\376\377\000T\000r\000a\000n\000s\000i\000t\000i\000o\000n\000\040\000f\000r\000o\000m\000\040\000I\000P\000v\0004\000\040\000t\000o\000\040\000I\000P\000v\0006\000:\000\040\000D\000u\000a\000l\000\040\000s\000t\000a\000c\000k\000,\000\040\000T\000u\000n\000n\000e\000l\000i\000n\000g\000,\000\040\000H\000e\000a\000d\000e\000r\000\040\000T\000r\000a\000n\000s\000l\000a\000t\000i\000o\000n}{section.7}% 54
\BOOKMARK [2][-]{subsection.7.5}{\376\377\000M\000u\000l\000t\000i\000c\000a\000s\000t\000i\000n\000g}{section.7}% 55
\BOOKMARK [1][-]{section.8}{\376\377\000N\000e\000t\000w\000o\000r\000k\000\040\000S\000e\000c\000u\000r\000i\000t\000y}{}% 56
\BOOKMARK [2][-]{subsection.8.1}{\376\377\000P\000r\000o\000p\000e\000r\000t\000i\000e\000s\000\040\000o\000f\000\040\000s\000e\000c\000u\000r\000e\000\040\000c\000o\000m\000m\000u\000n\000i\000c\000a\000t\000i\000o\000n}{section.8}% 57
\BOOKMARK [2][-]{subsection.8.2}{\376\377\000P\000r\000i\000n\000c\000i\000p\000l\000e\000s\000\040\000o\000f\000\040\000c\000r\000y\000p\000t\000o\000g\000r\000a\000p\000h\000y\000:\000\040\000S\000y\000m\000m\000e\000t\000r\000i\000c\000\040\000K\000e\000y\000\040\000a\000n\000d\000\040\000P\000u\000b\000l\000i\000c\000\040\000K\000e\000y}{section.8}% 58
\BOOKMARK [2][-]{subsection.8.3}{\376\377\000R\000S\000A\000\040\000A\000l\000g\000o\000r\000i\000t\000h\000m}{section.8}% 59
\BOOKMARK [2][-]{subsection.8.4}{\376\377\000D\000i\000g\000i\000t\000a\000l\000\040\000S\000i\000g\000n\000a\000t\000u\000r\000e\000s}{section.8}% 60
\BOOKMARK [2][-]{subsection.8.5}{\376\377\000S\000e\000c\000u\000r\000i\000n\000g\000\040\000e\000-\000m\000a\000i\000l\000\040\000\050\000P\000G\000P\000\051}{section.8}% 61
\BOOKMARK [2][-]{subsection.8.6}{\376\377\000S\000e\000c\000u\000r\000i\000n\000g\000\040\000T\000C\000P\000\040\000c\000o\000n\000n\000e\000c\000t\000i\000o\000n\000s\000\040\000\050\000S\000S\000L\000\051}{section.8}% 62
\BOOKMARK [2][-]{subsection.8.7}{\376\377\000N\000e\000t\000w\000o\000r\000k\000\040\000l\000a\000y\000e\000r\000\040\000s\000e\000c\000u\000r\000i\000t\000y\000\040\000\050\000I\000P\000s\000e\000c\000,\000\040\000V\000P\000N\000\051}{section.8}% 63
\BOOKMARK [2][-]{subsection.8.8}{\376\377\000S\000e\000c\000u\000r\000i\000n\000g\000\040\000w\000i\000r\000e\000l\000e\000s\000s\000\040\000L\000A\000N\000s\000\040\000\050\000W\000E\000P\000\051}{section.8}% 64
\BOOKMARK [2][-]{subsection.8.9}{\376\377\000F\000i\000r\000e\000w\000a\000l\000l\000s\000:\000\040\000A\000p\000p\000l\000i\000c\000a\000t\000i\000o\000n\000\040\000G\000a\000t\000e\000w\000a\000y\000\040\000a\000n\000d\000\040\000P\000a\000c\000k\000e\000t\000\040\000F\000i\000l\000t\000e\000r\000i\000n\000g\000,\000\040\000a\000n\000d\000\040\000I\000D\000S}{section.8}% 65
