\BOOKMARK [1][-]{section.1}{\376\377\000I\000n\000t\000r\000o\000d\000u\000c\000t\000i\000o\000n}{}% 1
\BOOKMARK [2][-]{subsection.1.1}{\376\377\000C\000o\000m\000p\000u\000t\000e\000r\000\040\000o\000r\000g\000a\000n\000i\000z\000a\000t\000i\000o\000n\000\040\000a\000n\000d\000\040\000a\000r\000c\000h\000i\000t\000e\000c\000t\000u\000r\000e}{section.1}% 2
\BOOKMARK [2][-]{subsection.1.2}{\376\377\000S\000t\000r\000u\000c\000t\000u\000r\000e\000\040\000a\000n\000d\000\040\000f\000u\000n\000c\000t\000i\000o\000n}{section.1}% 3
\BOOKMARK [2][-]{subsection.1.3}{\376\377\000D\000e\000s\000i\000g\000n\000i\000n\000g\000\040\000f\000o\000r\000\040\000p\000e\000r\000f\000o\000r\000m\000a\000n\000c\000e}{section.1}% 4
\BOOKMARK [2][-]{subsection.1.4}{\376\377\000I\000n\000t\000e\000r\000c\000o\000n\000n\000e\000c\000t\000i\000o\000n\000\040\000s\000t\000r\000u\000c\000t\000u\000r\000e\000s}{section.1}% 5
\BOOKMARK [2][-]{subsection.1.5}{\376\377\000B\000u\000s\000\040\000i\000n\000t\000e\000r\000c\000o\000n\000n\000e\000c\000t\000i\000o\000n}{section.1}% 6
\BOOKMARK [2][-]{subsection.1.6}{\376\377\000P\000C\000I}{section.1}% 7
\BOOKMARK [1][-]{section.2}{\376\377\000C\000e\000n\000t\000r\000a\000l\000\040\000P\000r\000o\000c\000e\000s\000s\000i\000n\000g\000\040\000U\000n\000i\000t}{}% 8
\BOOKMARK [2][-]{subsection.2.1}{\376\377\000C\000P\000U\000\040\000S\000t\000r\000u\000c\000t\000u\000r\000e\000\040\000a\000n\000d\000\040\000F\000u\000n\000c\000t\000i\000o\000n}{section.2}% 9
\BOOKMARK [2][-]{subsection.2.2}{\376\377\000A\000r\000i\000t\000h\000m\000e\000t\000i\000c\000\040\000a\000n\000d\000\040\000L\000o\000g\000i\000c\000\040\000U\000n\000i\000t}{section.2}% 10
\BOOKMARK [2][-]{subsection.2.3}{\376\377\000I\000n\000s\000t\000r\000u\000c\000t\000i\000o\000n\000\040\000F\000o\000r\000m\000a\000t\000s}{section.2}% 11
\BOOKMARK [2][-]{subsection.2.4}{\376\377\000D\000a\000t\000a\000\040\000T\000r\000a\000n\000s\000f\000e\000r\000\040\000a\000n\000d\000\040\000M\000a\000n\000i\000p\000u\000l\000a\000t\000i\000o\000n}{section.2}% 12
\BOOKMARK [2][-]{subsection.2.5}{\376\377\000A\000d\000d\000r\000e\000s\000s\000i\000n\000g\000\040\000M\000o\000d\000e\000s}{section.2}% 13
\BOOKMARK [2][-]{subsection.2.6}{\376\377\000R\000I\000S\000C\000\040\000a\000n\000d\000\040\000C\000I\000S\000C}{section.2}% 14
\BOOKMARK [2][-]{subsection.2.7}{\376\377\0006\0004\000\040\040\023\000\040\000B\000i\000t\000\040\000P\000r\000o\000c\000e\000s\000s\000o\000r}{section.2}% 15
\BOOKMARK [1][-]{section.3}{\376\377\000C\000o\000n\000t\000r\000o\000l\000\040\000U\000n\000i\000t}{}% 16
\BOOKMARK [2][-]{subsection.3.1}{\376\377\000C\000o\000n\000t\000r\000o\000l\000\040\000M\000e\000m\000o\000r\000y}{section.3}% 17
\BOOKMARK [2][-]{subsection.3.2}{\376\377\000A\000d\000d\000r\000e\000s\000s\000i\000n\000g\000\040\000s\000e\000q\000u\000e\000n\000c\000i\000n\000g}{section.3}% 18
\BOOKMARK [2][-]{subsection.3.3}{\376\377\000C\000o\000m\000p\000u\000t\000e\000r\000\040\000c\000o\000n\000f\000i\000g\000u\000r\000a\000t\000i\000o\000n}{section.3}% 19
\BOOKMARK [2][-]{subsection.3.4}{\376\377\000M\000i\000c\000r\000o\000i\000n\000s\000t\000r\000u\000c\000t\000i\000o\000n\000\040\000F\000o\000r\000m\000a\000t}{section.3}% 20
\BOOKMARK [2][-]{subsection.3.5}{\376\377\000S\000y\000m\000b\000o\000l\000i\000c\000\040\000M\000i\000c\000r\000o\000i\000n\000s\000t\000r\000u\000c\000t\000i\000o\000n\000s}{section.3}% 21
\BOOKMARK [2][-]{subsection.3.6}{\376\377\000S\000y\000m\000b\000o\000l\000i\000c\000\040\000M\000i\000c\000r\000o\000p\000r\000o\000g\000r\000a\000m}{section.3}% 22
\BOOKMARK [2][-]{subsection.3.7}{\376\377\000C\000o\000n\000t\000r\000o\000l\000\040\000U\000n\000i\000t\000\040\000O\000p\000e\000r\000a\000t\000i\000o\000n}{section.3}% 23
\BOOKMARK [2][-]{subsection.3.8}{\376\377\000D\000e\000s\000i\000g\000n\000\040\000o\000f\000\040\000C\000o\000n\000t\000r\000o\000l\000\040\000U\000n\000i\000t}{section.3}% 24
\BOOKMARK [1][-]{section.4}{\376\377\000P\000i\000p\000e\000l\000i\000n\000e\000\040\000a\000n\000d\000\040\000V\000e\000c\000t\000o\000r\000\040\000p\000r\000o\000c\000e\000s\000s\000i\000n\000g}{}% 25
\BOOKMARK [2][-]{subsection.4.1}{\376\377\000P\000i\000p\000e\000l\000i\000n\000i\000n\000g}{section.4}% 26
\BOOKMARK [2][-]{subsection.4.2}{\376\377\000P\000a\000r\000a\000l\000l\000e\000l\000\040\000P\000r\000o\000c\000e\000s\000s\000i\000n\000g}{section.4}% 27
\BOOKMARK [2][-]{subsection.4.3}{\376\377\000A\000r\000i\000t\000h\000m\000e\000t\000i\000c\000\040\000P\000i\000p\000e\000l\000i\000n\000e}{section.4}% 28
\BOOKMARK [2][-]{subsection.4.4}{\376\377\000I\000n\000s\000t\000r\000u\000c\000t\000i\000o\000n\000\040\000P\000i\000p\000e\000l\000i\000n\000e}{section.4}% 29
\BOOKMARK [2][-]{subsection.4.5}{\376\377\000R\000I\000S\000C\000\040\000P\000i\000p\000e\000l\000i\000n\000e}{section.4}% 30
\BOOKMARK [2][-]{subsection.4.6}{\376\377\000V\000e\000c\000t\000o\000r\000\040\000P\000r\000o\000c\000e\000s\000s\000i\000n\000g}{section.4}% 31
\BOOKMARK [2][-]{subsection.4.7}{\376\377\000A\000r\000r\000a\000y\000\040\000P\000r\000o\000c\000e\000s\000s\000i\000n\000g}{section.4}% 32
\BOOKMARK [1][-]{section.5}{\376\377\000C\000o\000m\000p\000u\000t\000e\000r\000\040\000A\000r\000i\000t\000h\000m\000e\000t\000i\000c}{}% 33
\BOOKMARK [2][-]{subsection.5.1}{\376\377\000A\000d\000d\000i\000t\000i\000o\000n\000\040\000A\000l\000g\000o\000r\000i\000t\000h\000m}{section.5}% 34
\BOOKMARK [2][-]{subsection.5.2}{\376\377\000S\000u\000b\000t\000r\000a\000c\000t\000i\000o\000n\000\040\000A\000l\000g\000o\000r\000i\000t\000h\000m}{section.5}% 35
\BOOKMARK [2][-]{subsection.5.3}{\376\377\000M\000u\000l\000t\000i\000p\000l\000i\000c\000a\000t\000i\000o\000n\000\040\000A\000l\000g\000o\000r\000i\000t\000h\000m}{section.5}% 36
\BOOKMARK [2][-]{subsection.5.4}{\376\377\000D\000i\000v\000i\000s\000i\000o\000n\000\040\000A\000l\000g\000o\000r\000i\000t\000h\000m}{section.5}% 37
\BOOKMARK [2][-]{subsection.5.5}{\376\377\000L\000o\000g\000i\000c\000a\000l\000\040\000O\000p\000e\000r\000a\000t\000i\000o\000n}{section.5}% 38
\BOOKMARK [1][-]{section.6}{\376\377\000M\000e\000m\000o\000r\000y\000\040\000S\000y\000s\000t\000e\000m}{}% 39
\BOOKMARK [2][-]{subsection.6.1}{\376\377\000M\000i\000c\000r\000o\000c\000o\000m\000p\000u\000t\000e\000r\000\040\000M\000e\000m\000o\000r\000y}{section.6}% 40
\BOOKMARK [2][-]{subsection.6.2}{\376\377\000C\000h\000a\000r\000a\000c\000t\000e\000r\000i\000s\000t\000i\000c\000s\000\040\000o\000f\000\040\000m\000e\000m\000o\000r\000y\000\040\000s\000y\000s\000t\000e\000m\000s}{section.6}% 41
\BOOKMARK [2][-]{subsection.6.3}{\376\377\000T\000h\000e\000\040\000M\000e\000m\000o\000r\000y\000\040\000H\000i\000e\000r\000a\000r\000c\000h\000y}{section.6}% 42
\BOOKMARK [2][-]{subsection.6.4}{\376\377\000I\000n\000t\000e\000r\000n\000a\000l\000\040\000a\000n\000d\000\040\000E\000x\000t\000e\000r\000n\000a\000l\000\040\000m\000e\000m\000o\000r\000y}{section.6}% 43
\BOOKMARK [2][-]{subsection.6.5}{\376\377\000C\000a\000c\000h\000e\000\040\000m\000e\000m\000o\000r\000y\000\040\000p\000r\000i\000n\000c\000i\000p\000l\000e\000s}{section.6}% 44
\BOOKMARK [2][-]{subsection.6.6}{\376\377\000E\000l\000e\000m\000e\000n\000t\000s\000\040\000o\000f\000\040\000C\000a\000c\000h\000e\000\040\000d\000e\000s\000i\000g\000n}{section.6}% 45
\BOOKMARK [3][-]{subsubsection.6.6.1}{\376\377\000C\000a\000c\000h\000e\000\040\000s\000i\000z\000e}{subsection.6.6}% 46
\BOOKMARK [3][-]{subsubsection.6.6.2}{\376\377\000M\000a\000p\000p\000i\000n\000g\000\040\000f\000u\000n\000c\000t\000i\000o\000n}{subsection.6.6}% 47
\BOOKMARK [3][-]{subsubsection.6.6.3}{\376\377\000R\000e\000p\000l\000a\000c\000e\000m\000e\000n\000t\000\040\000a\000l\000g\000o\000r\000i\000t\000h\000m}{subsection.6.6}% 48
\BOOKMARK [3][-]{subsubsection.6.6.4}{\376\377\000W\000r\000i\000t\000e\000\040\000p\000o\000l\000i\000c\000y}{subsection.6.6}% 49
\BOOKMARK [3][-]{subsubsection.6.6.5}{\376\377\000N\000u\000m\000b\000e\000r\000\040\000o\000f\000\040\000c\000a\000c\000h\000e\000s}{subsection.6.6}% 50
\BOOKMARK [1][-]{section.7}{\376\377\000I\000n\000p\000u\000t\000-\000O\000u\000t\000p\000u\000t\000\040\000o\000r\000g\000a\000n\000i\000z\000a\000t\000i\000o\000n}{}% 51
\BOOKMARK [2][-]{subsection.7.1}{\376\377\000P\000e\000r\000i\000p\000h\000e\000r\000a\000l\000\040\000d\000e\000v\000i\000c\000e\000s}{section.7}% 52
\BOOKMARK [2][-]{subsection.7.2}{\376\377\000I\000/\000O\000\040\000m\000o\000d\000u\000l\000e\000s}{section.7}% 53
\BOOKMARK [2][-]{subsection.7.3}{\376\377\000I\000n\000p\000u\000t\000-\000O\000u\000t\000p\000u\000t\000\040\000i\000n\000t\000e\000r\000f\000a\000c\000e}{section.7}% 54
\BOOKMARK [2][-]{subsection.7.4}{\376\377\000M\000o\000d\000e\000s\000\040\000o\000f\000\040\000t\000r\000a\000n\000s\000f\000e\000r}{section.7}% 55
\BOOKMARK [3][-]{subsubsection.7.4.1}{\376\377\000P\000r\000o\000g\000r\000a\000m\000m\000e\000d\000\040\000I\000/\000O}{subsection.7.4}% 56
\BOOKMARK [3][-]{subsubsection.7.4.2}{\376\377\000I\000n\000t\000e\000r\000r\000u\000p\000t\000-\000d\000r\000i\000v\000e\000n\000\040\000I\000/\000O}{subsection.7.4}% 57
\BOOKMARK [3][-]{subsubsection.7.4.3}{\376\377\000D\000i\000r\000e\000c\000t\000\040\000M\000e\000m\000o\000r\000y\000\040\000a\000c\000c\000e\000s\000s}{subsection.7.4}% 58
\BOOKMARK [2][-]{subsection.7.5}{\376\377\000I\000/\000O\000\040\000P\000r\000o\000c\000e\000s\000s\000o\000r\000s}{section.7}% 59
\BOOKMARK [2][-]{subsection.7.6}{\376\377\000D\000a\000t\000a\000\040\000C\000o\000m\000m\000u\000n\000i\000c\000a\000t\000i\000o\000n\000\040\000P\000r\000o\000c\000e\000s\000s\000o\000r}{section.7}% 60
\BOOKMARK [1][-]{section.8}{\376\377\000M\000u\000l\000t\000i\000p\000r\000o\000c\000e\000s\000s\000o\000r\000s}{}% 61
\BOOKMARK [2][-]{subsection.8.1}{\376\377\000C\000h\000a\000r\000a\000c\000t\000e\000r\000i\000s\000t\000i\000c\000s\000\040\000o\000f\000\040\000m\000u\000l\000t\000i\000p\000r\000o\000c\000e\000s\000s\000o\000r\000s}{section.8}% 62
\BOOKMARK [2][-]{subsection.8.2}{\376\377\000I\000n\000t\000e\000r\000c\000o\000n\000n\000e\000c\000t\000i\000o\000n\000\040\000S\000t\000r\000u\000c\000t\000u\000r\000e\000s}{section.8}% 63
\BOOKMARK [2][-]{subsection.8.3}{\376\377\000I\000n\000t\000e\000r\000p\000r\000o\000c\000e\000s\000s\000o\000r\000\040\000C\000o\000m\000m\000u\000n\000i\000c\000a\000t\000i\000o\000n\000\040\000a\000n\000d\000\040\000S\000y\000n\000c\000h\000r\000o\000n\000i\000z\000a\000t\000i\000o\000n}{section.8}% 64
