\BOOKMARK [1][-]{section.1}{\376\377\000I\000n\000t\000r\000o\000d\000u\000c\000t\000i\000o\000n}{}% 1
\BOOKMARK [2][-]{subsection.1.1}{\376\377\000O\000r\000i\000g\000i\000n\000\040\000a\000n\000d\000\040\000P\000r\000i\000n\000c\000i\000p\000l\000e\000s\000\040\000o\000f\000\040\000E\000n\000g\000i\000n\000e\000e\000r\000i\000n\000g\000\040\000E\000c\000o\000n\000o\000m\000y}{section.1}% 2
\BOOKMARK [2][-]{subsection.1.2}{\376\377\000R\000o\000l\000e\000\040\000o\000f\000\040\000E\000n\000g\000i\000n\000e\000e\000r\000s\000\040\000i\000n\000\040\000D\000e\000c\000i\000s\000i\000o\000n\000\040\000M\000a\000k\000i\000n\000g}{section.1}% 3
\BOOKMARK [2][-]{subsection.1.3}{\376\377\000C\000a\000s\000h\000\040\000F\000l\000o\000w\000\040\000D\000i\000a\000g\000r\000a\000m}{section.1}% 4
\BOOKMARK [1][-]{section.2}{\376\377\000I\000n\000t\000e\000r\000e\000s\000t\000\040\000a\000n\000d\000\040\000T\000i\000m\000e\000\040\000V\000a\000l\000u\000e\000\040\000o\000f\000\040\000M\000o\000n\000e\000y}{}% 5
\BOOKMARK [2][-]{subsection.2.1}{\376\377\000I\000n\000t\000r\000o\000d\000u\000c\000t\000i\000o\000n\000\040\000t\000o\000\040\000T\000i\000m\000e\000\040\000V\000a\000l\000u\000e\000\040\000o\000f\000\040\000M\000o\000n\000e\000y}{section.2}% 6
\BOOKMARK [2][-]{subsection.2.2}{\376\377\000C\000o\000m\000p\000o\000u\000n\000d\000\040\000I\000n\000t\000e\000r\000e\000s\000t}{section.2}% 7
\BOOKMARK [3][-]{subsubsection.2.2.1}{\376\377\000N\000o\000m\000i\000n\000a\000l\000\040\000I\000n\000t\000e\000r\000e\000s\000t\000\040\000r\000a\000t\000e}{subsection.2.2}% 8
\BOOKMARK [3][-]{subsubsection.2.2.2}{\376\377\000E\000f\000f\000e\000c\000t\000i\000v\000e\000\040\000I\000n\000t\000e\000r\000e\000s\000t\000\040\000r\000a\000t\000e}{subsection.2.2}% 9
\BOOKMARK [3][-]{subsubsection.2.2.3}{\376\377\000C\000o\000n\000t\000i\000n\000u\000o\000u\000s\000\040\000C\000o\000m\000p\000o\000u\000n\000d\000i\000n\000g}{subsection.2.2}% 10
\BOOKMARK [3][-]{subsubsection.2.2.4}{\376\377\000T\000h\000e\000\040\000F\000i\000v\000e\000\040\000T\000y\000p\000e\000s\000\040\000o\000f\000\040\000C\000a\000s\000h\000\040\000f\000l\000o\000w\000s}{subsection.2.2}% 11
\BOOKMARK [2][-]{subsection.2.3}{\376\377\000N\000u\000m\000e\000r\000i\000c\000a\000l\000s}{section.2}% 12
\BOOKMARK [3][-]{subsubsection.2.3.1}{\376\377\000S\000i\000n\000n\000g\000l\000e\000\040\000a\000n\000d\000\040\000I\000r\000r\000e\000g\000u\000l\000a\000r\000\040\000C\000a\000s\000h\000\040\000F\000l\000o\000w}{subsection.2.3}% 13
\BOOKMARK [3][-]{subsubsection.2.3.2}{\376\377\000U\000n\000i\000f\000o\000r\000m\000\040\000S\000e\000r\000i\000e\000s}{subsection.2.3}% 14
\BOOKMARK [3][-]{subsubsection.2.3.3}{\376\377\000L\000i\000n\000e\000a\000r\000\040\000G\000r\000a\000d\000i\000e\000n\000t\000\040\000S\000e\000r\000i\000e\000s}{subsection.2.3}% 15
\BOOKMARK [3][-]{subsubsection.2.3.4}{\376\377\000G\000e\000o\000m\000e\000t\000r\000i\000c\000\040\000G\000r\000a\000d\000i\000e\000n\000t\000\040\000S\000e\000r\000i\000e\000s}{subsection.2.3}% 16
\BOOKMARK [1][-]{section.3}{\376\377\000B\000a\000s\000i\000c\000\040\000M\000e\000t\000h\000o\000d\000o\000l\000o\000g\000i\000e\000s\000\040\000o\000f\000\040\000E\000n\000g\000i\000n\000e\000e\000r\000i\000n\000g\000\040\000E\000c\000o\000n\000o\000m\000i\000c\000\040\000A\000n\000a\000l\000y\000s\000i\000s}{}% 17
\BOOKMARK [2][-]{subsection.3.1}{\376\377\000D\000e\000t\000e\000r\000m\000i\000n\000i\000n\000g\000\040\000M\000i\000n\000i\000m\000u\000m\000\040\000A\000t\000t\000r\000a\000c\000t\000i\000v\000e\000\040\000\050\000A\000c\000c\000e\000p\000t\000a\000b\000l\000e\000\051\000\040\000R\000a\000t\000e\000\040\000o\000f\000\040\000R\000e\000t\000u\000r\000n\000\040\000\050\000M\000A\000R\000R\000\051}{section.3}% 18
\BOOKMARK [2][-]{subsection.3.2}{\376\377\000E\000q\000u\000i\000v\000a\000l\000e\000n\000t\000\040\000W\000o\000r\000t\000h\000\040\000M\000e\000t\000h\000o\000d\000s}{section.3}% 19
\BOOKMARK [3][-]{subsubsection.3.2.1}{\376\377\000A\000n\000n\000u\000a\000l\000\040\000W\000o\000r\000t\000h\000\040\000M\000e\000t\000h\000o\000d}{subsection.3.2}% 20
\BOOKMARK [2][-]{subsection.3.3}{\376\377\000R\000a\000t\000e\000\040\000o\000f\000\040\000R\000e\000t\000u\000r\000n\000\040\000M\000e\000t\000h\000o\000d\000s}{section.3}% 21
\BOOKMARK [3][-]{subsubsection.3.3.1}{\376\377\000I\000n\000t\000e\000r\000n\000a\000l\000\040\000R\000a\000t\000e\000\040\000o\000f\000\040\000R\000e\000t\000u\000r\000n\000\040\000M\000e\000t\000h\000o\000d}{subsection.3.3}% 22
\BOOKMARK [3][-]{subsubsection.3.3.2}{\376\377\000E\000x\000t\000e\000r\000n\000a\000l\000/\000M\000o\000d\000i\000f\000i\000e\000d\000\040\000R\000a\000t\000e\000\040\000o\000f\000\040\000R\000e\000t\000u\000r\000n\000\040\000M\000e\000t\000h\000o\000d}{subsection.3.3}% 23
\BOOKMARK [2][-]{subsection.3.4}{\376\377\000P\000u\000b\000l\000i\000c\000\040\000S\000e\000c\000t\000o\000r\000\040\000E\000c\000o\000n\000o\000m\000i\000c\000\040\000A\000n\000a\000l\000y\000s\000i\000s\000\040\000\050\000B\000e\000n\000e\000f\000i\000t\000\040\000C\000o\000s\000t\000\040\000R\000a\000t\000i\000o\000\040\000M\000e\000t\000h\000o\000d\000\051}{section.3}% 24
\BOOKMARK [3][-]{subsubsection.3.4.1}{\376\377\000C\000o\000n\000v\000e\000n\000t\000i\000o\000n\000a\000l\000\040\000B\000C\000R}{subsection.3.4}% 25
\BOOKMARK [3][-]{subsubsection.3.4.2}{\376\377\000M\000o\000d\000i\000f\000i\000e\000d\000\040\000B\000C\000R}{subsection.3.4}% 26
\BOOKMARK [2][-]{subsection.3.5}{\376\377\000P\000a\000y\000b\000a\000c\000k\000\040\000P\000e\000r\000i\000o\000d\000\040\000M\000e\000t\000h\000o\000d}{section.3}% 27
\BOOKMARK [3][-]{subsubsection.3.5.1}{\376\377\000S\000i\000m\000p\000l\000e\000\040\000P\000a\000y\000b\000a\000c\000k\000\040\000P\000e\000r\000i\000o\000d}{subsection.3.5}% 28
\BOOKMARK [3][-]{subsubsection.3.5.2}{\376\377\000D\000i\000s\000c\000o\000u\000n\000t\000e\000d\000\040\000P\000a\000y\000b\000a\000c\000k\000\040\000P\000e\000r\000i\000o\000d}{subsection.3.5}% 29
\BOOKMARK [2][-]{subsection.3.6}{\376\377\000I\000n\000t\000r\000o\000d\000u\000c\000t\000i\000o\000n\000\040\000t\000o\000\040\000L\000i\000f\000e\000c\000y\000c\000l\000e\000\040\000C\000o\000s\000t\000i\000n\000g}{section.3}% 30
\BOOKMARK [2][-]{subsection.3.7}{\376\377\000I\000n\000t\000r\000o\000d\000u\000c\000t\000i\000o\000n\000\040\000t\000o\000\040\000F\000i\000n\000a\000n\000c\000i\000a\000l\000\040\000a\000n\000d\000\040\000E\000c\000o\000n\000o\000m\000i\000c\000\040\000A\000n\000a\000l\000y\000s\000i\000s}{section.3}% 31
\BOOKMARK [1][-]{section.4}{\376\377\000C\000o\000m\000p\000a\000r\000a\000t\000i\000v\000e\000\040\000A\000n\000a\000l\000y\000s\000i\000s\000\040\000o\000f\000\040\000A\000l\000t\000e\000r\000n\000a\000t\000i\000v\000e\000s}{}% 32
\BOOKMARK [2][-]{subsection.4.1}{\376\377\000C\000o\000m\000p\000a\000r\000i\000n\000g\000\040\000M\000u\000t\000u\000a\000l\000l\000y\000\040\000E\000x\000c\000l\000u\000s\000i\000v\000e\000\040\000A\000l\000t\000e\000r\000n\000a\000t\000i\000v\000e\000s\000\040\000h\000a\000v\000i\000n\000g\000\040\000S\000a\000m\000e\000\040\000u\000s\000e\000f\000u\000l\000\040\000l\000i\000f\000e}{section.4}% 33
\BOOKMARK [2][-]{subsection.4.2}{\376\377\000C\000o\000m\000p\000a\000r\000i\000n\000g\000\040\000M\000u\000t\000u\000a\000l\000l\000y\000\040\000E\000x\000c\000l\000u\000s\000i\000v\000e\000\040\000A\000l\000t\000e\000r\000n\000a\000t\000i\000v\000e\000s\000\040\000h\000a\000v\000i\000n\000g\000\040\000d\000i\000f\000f\000e\000r\000e\000n\000t\000\040\000u\000s\000e\000f\000u\000l\000\040\000l\000i\000v\000e\000s\000\040\000b\000y}{section.4}% 34
\BOOKMARK [3][-]{subsubsection.4.2.1}{\376\377\000R\000e\000p\000e\000a\000t\000a\000b\000i\000l\000i\000t\000y\000\040\000A\000s\000s\000u\000m\000p\000t\000i\000o\000n}{subsection.4.2}% 35
\BOOKMARK [3][-]{subsubsection.4.2.2}{\376\377\000C\000o\040\020\000t\000e\000r\000m\000i\000n\000a\000t\000e\000d\000\040\000A\000s\000s\000u\000m\000p\000t\000i\000o\000n}{subsection.4.2}% 36
\BOOKMARK [3][-]{subsubsection.4.2.3}{\376\377\000C\000a\000p\000i\000t\000a\000l\000i\000z\000e\000d\000\040\000W\000o\000r\000t\000h\000\040\000M\000e\000t\000h\000o\000d}{subsection.4.2}% 37
\BOOKMARK [2][-]{subsection.4.3}{\376\377\000C\000o\000m\000p\000a\000r\000i\000n\000g\000\040\000M\000u\000t\000u\000a\000l\000l\000y\000\040\000E\000x\000c\000l\000u\000s\000i\000v\000e\000,\000\040\000C\000o\000n\000t\000i\000n\000g\000e\000n\000t\000\040\000a\000n\000d\000\040\000I\000n\000d\000e\000p\000e\000n\000d\000e\000n\000t\000\040\000P\000r\000o\000j\000e\000c\000t\000s\000\040\000i\000n\000\040\000C\000o\000m\000b\000i\000n\000a\000t\000i\000o\000n}{section.4}% 38
\BOOKMARK [1][-]{section.5}{\376\377\000R\000e\000p\000l\000a\000c\000e\000m\000e\000n\000t\000\040\000A\000n\000a\000l\000y\000s\000i\000s}{}% 39
\BOOKMARK [2][-]{subsection.5.1}{\376\377\000F\000u\000n\000d\000a\000m\000e\000n\000t\000a\000l\000s\000\040\000o\000f\000\040\000R\000e\000p\000l\000a\000c\000e\000m\000e\000n\000t\000\040\000A\000n\000a\000l\000y\000s\000i\000s}{section.5}% 40
\BOOKMARK [3][-]{subsubsection.5.1.1}{\376\377\000B\000a\000s\000i\000c\000\040\000C\000o\000n\000c\000e\000p\000t\000s\000\040\000a\000n\000d\000\040\000T\000e\000r\000m\000i\000n\000o\000l\000o\000g\000y}{subsection.5.1}% 41
\BOOKMARK [3][-]{subsubsection.5.1.2}{\376\377\000A\000p\000p\000r\000o\000a\000c\000h\000e\000s\000\040\000f\000o\000r\000\040\000C\000o\000m\000p\000a\000r\000i\000n\000g\000\040\000D\000e\000f\000e\000n\000d\000e\000r\000\040\000a\000n\000d\000\040\000C\000h\000a\000l\000l\000e\000n\000g\000e\000r}{subsection.5.1}% 42
\BOOKMARK [3][-]{subsubsection.5.1.3}{\376\377\000N\000u\000m\000e\000r\000i\000c\000a\000l\000s}{subsection.5.1}% 43
\BOOKMARK [2][-]{subsection.5.2}{\376\377\000E\000c\000o\000n\000o\000m\000i\000c\000\040\000S\000e\000r\000v\000i\000c\000e\000\040\000L\000i\000f\000e\000\040\000o\000f\000\040\000C\000h\000a\000l\000l\000e\000n\000g\000e\000r\000\040\000a\000n\000d\000\040\000D\000e\000f\000e\000n\000d\000e\000r}{section.5}% 44
\BOOKMARK [2][-]{subsection.5.3}{\376\377\000R\000e\000p\000l\000a\000c\000e\000m\000e\000n\000t\000\040\000A\000n\000a\000l\000y\000s\000i\000s\000\040\000W\000h\000e\000n\000\040\000R\000e\000q\000u\000i\000r\000e\000d\000\040\000S\000e\000r\000v\000i\000c\000e\000\040\000L\000i\000f\000e\000\040\000i\000s\000\040\000L\000o\000n\000g}{section.5}% 45
\BOOKMARK [3][-]{subsubsection.5.3.1}{\376\377\000R\000e\000q\000u\000i\000r\000e\000d\000\040\000A\000s\000s\000u\000m\000p\000t\000i\000o\000n\000s\000\040\000a\000n\000d\000\040\000D\000e\000c\000i\000s\000i\000o\000n\000\040\000F\000r\000a\000m\000e\000w\000o\000r\000k}{subsection.5.3}% 46
\BOOKMARK [3][-]{subsubsection.5.3.2}{\376\377\000R\000e\000p\000l\000a\000c\000e\000m\000e\000n\000t\000\040\000A\000n\000a\000l\000y\000s\000i\000s\000\040\000u\000n\000d\000e\000r\000\040\000t\000h\000e\000\040\000I\000n\000f\000i\000n\000i\000t\000e\000\040\000P\000l\000a\000n\000n\000i\000n\000g\000\040\000H\000o\000r\000i\000z\000o\000n}{subsection.5.3}% 47
\BOOKMARK [3][-]{subsubsection.5.3.3}{\376\377\000R\000e\000p\000l\000a\000c\000e\000m\000e\000n\000t\000\040\000A\000n\000a\000l\000y\000s\000i\000s\000\040\000u\000n\000d\000e\000r\000\040\000t\000h\000e\000\040\000F\000i\000n\000i\000t\000e\000\040\000P\000l\000a\000n\000n\000i\000n\000g\000\040\000H\000o\000r\000i\000z\000o\000n}{subsection.5.3}% 48
\BOOKMARK [3][-]{subsubsection.5.3.4}{\376\377\000N\000u\000m\000e\000r\000i\000c\000a\000l\000s}{subsection.5.3}% 49
\BOOKMARK [1][-]{section.6}{\376\377\000R\000i\000s\000k\000\040\000A\000n\000a\000l\000y\000s\000i\000s}{}% 50
\BOOKMARK [2][-]{subsection.6.1}{\376\377\000O\000r\000i\000g\000i\000n\000/\000S\000o\000u\000r\000c\000e\000s\000\040\000o\000f\000\040\000P\000r\000o\000j\000e\000c\000t\000\040\000R\000i\000s\000k\000s}{section.6}% 51
\BOOKMARK [2][-]{subsection.6.2}{\376\377\000M\000e\000t\000h\000o\000d\000s\000\040\000o\000f\000\040\000D\000e\000s\000c\000r\000i\000b\000i\000n\000g\000\040\000P\000r\000o\000j\000e\000c\000t\000\040\000R\000i\000s\000k\000s}{section.6}% 52
\BOOKMARK [3][-]{subsubsection.6.2.1}{\376\377\000S\000e\000n\000s\000i\000t\000i\000v\000i\000t\000y\000\040\000A\000n\000a\000l\000y\000s\000i\000s}{subsection.6.2}% 53
\BOOKMARK [3][-]{subsubsection.6.2.2}{\376\377\000B\000r\000e\000a\000k\000e\000v\000e\000n\000\040\000A\000n\000a\000l\000y\000s\000i\000s}{subsection.6.2}% 54
\BOOKMARK [3][-]{subsubsection.6.2.3}{\376\377\000S\000c\000e\000n\000a\000r\000i\000o\000\040\000A\000n\000a\000l\000y\000s\000i\000s}{subsection.6.2}% 55
\BOOKMARK [2][-]{subsection.6.3}{\376\377\000P\000r\000o\000b\000a\000b\000i\000l\000i\000t\000y\000\040\000C\000o\000n\000c\000e\000p\000t\000\040\000o\000f\000\040\000E\000c\000o\000n\000o\000m\000i\000c\000\040\000A\000n\000a\000l\000y\000s\000i\000s}{section.6}% 56
\BOOKMARK [2][-]{subsection.6.4}{\376\377\000D\000e\000c\000i\000s\000i\000o\000n\000\040\000T\000r\000e\000e\000\040\000a\000n\000d\000\040\000S\000e\000q\000u\000e\000n\000t\000i\000a\000l\000\040\000I\000n\000v\000e\000s\000t\000m\000e\000n\000t\000\040\000D\000e\000c\000i\000s\000i\000o\000n\000s}{section.6}% 57
\BOOKMARK [1][-]{section.7}{\376\377\000D\000e\000p\000r\000e\000c\000i\000a\000t\000i\000o\000n\000\040\000a\000n\000d\000\040\000C\000o\000r\000p\000o\000r\000a\000t\000e\000\040\000I\000n\000c\000o\000m\000e\000\040\000T\000a\000x\000e\000s}{}% 58
\BOOKMARK [2][-]{subsection.7.1}{\376\377\000C\000o\000n\000c\000e\000p\000t\000\040\000a\000n\000d\000\040\000T\000e\000r\000m\000i\000n\000o\000l\000o\000g\000y\000\040\000o\000f\000\040\000D\000e\000p\000r\000e\000c\000i\000a\000t\000i\000o\000n}{section.7}% 59
\BOOKMARK [2][-]{subsection.7.2}{\376\377\000B\000a\000s\000i\000c\000\040\000M\000e\000t\000h\000o\000d\000s\000\040\000o\000f\000\040\000D\000e\000p\000r\000e\000c\000i\000a\000t\000i\000o\000n}{section.7}% 60
\BOOKMARK [3][-]{subsubsection.7.2.1}{\376\377\000S\000t\000r\000a\000i\000g\000h\000t\000\040\000l\000i\000n\000e\000\040\000m\000e\000t\000h\000o\000d}{subsection.7.2}% 61
\BOOKMARK [3][-]{subsubsection.7.2.2}{\376\377\000D\000e\000c\000l\000i\000n\000i\000n\000g\000\040\000B\000a\000l\000a\000n\000c\000e\000\040\000M\000e\000t\000h\000o\000d}{subsection.7.2}% 62
\BOOKMARK [3][-]{subsubsection.7.2.3}{\376\377\000S\000i\000n\000k\000i\000n\000g\000\040\000F\000u\000n\000d\000\040\000M\000e\000t\000h\000o\000d}{subsection.7.2}% 63
\BOOKMARK [3][-]{subsubsection.7.2.4}{\376\377\000S\000u\000m\000\040\000o\000f\000\040\000t\000h\000e\000\040\000Y\000e\000a\000r\000\040\000D\000i\000g\000i\000t\000\040\000M\000e\000t\000h\000o\000d}{subsection.7.2}% 64
\BOOKMARK [3][-]{subsubsection.7.2.5}{\376\377\000M\000o\000d\000i\000f\000i\000e\000d\000\040\000A\000c\000c\000e\000l\000e\000r\000a\000t\000e\000d\000\040\000C\000o\000s\000t\000\040\000R\000e\000c\000o\000v\000e\000r\000y\000\040\000S\000y\000s\000t\000e\000m\000\040\000\050\000M\000A\000C\000R\000S\000\051}{subsection.7.2}% 65
\BOOKMARK [2][-]{subsection.7.3}{\376\377\000I\000n\000t\000r\000o\000d\000u\000c\000t\000i\000o\000n\000\040\000t\000o\000\040\000C\000o\000r\000p\000o\000r\000a\000t\000e\000\040\000I\000n\000c\000o\000m\000e\000\040\000T\000a\000x}{section.7}% 66
\BOOKMARK [2][-]{subsection.7.4}{\376\377\000A\000f\000t\000e\000r\000\040\000T\000a\000x\000\040\000C\000a\000s\000h\000\040\000f\000l\000o\000w\000\040\000E\000s\000t\000i\000m\000a\000t\000e}{section.7}% 67
\BOOKMARK [2][-]{subsection.7.5}{\376\377\000G\000e\000n\000e\000r\000a\000l\000\040\000P\000r\000o\000c\000e\000d\000u\000r\000e\000\040\000f\000o\000r\000\040\000M\000a\000k\000i\000n\000g\000\040\000A\000f\000t\000e\000r\000\040\000T\000a\000x\000\040\000E\000c\000o\000n\000o\000m\000i\000c\000\040\000A\000n\000a\000l\000y\000s\000i\000s\000.}{section.7}% 68
\BOOKMARK [1][-]{section.8}{\376\377\000I\000n\000f\000l\000a\000t\000i\000o\000n\000\040\000a\000n\000d\000\040\000I\000t\000s\000\040\000I\000m\000p\000a\000c\000t\000\040\000o\000n\000\040\000P\000r\000o\000j\000e\000c\000t\000\040\000C\000a\000s\000h\000f\000l\000o\000w\000s}{}% 69
\BOOKMARK [2][-]{subsection.8.1}{\376\377\000C\000o\000n\000c\000e\000p\000t\000\040\000o\000f\000\040\000I\000n\000f\000l\000a\000t\000i\000o\000n}{section.8}% 70
\BOOKMARK [2][-]{subsection.8.2}{\376\377\000M\000e\000a\000s\000u\000r\000i\000n\000g\000\040\000I\000n\000f\000l\000a\000t\000i\000o\000n}{section.8}% 71
\BOOKMARK [2][-]{subsection.8.3}{\376\377\000E\000q\000u\000i\000v\000a\000l\000e\000n\000c\000e\000\040\000C\000a\000l\000c\000u\000l\000a\000t\000i\000o\000n\000\040\000U\000n\000d\000e\000r\000\040\000I\000n\000f\000l\000a\000t\000i\000o\000n}{section.8}% 72
\BOOKMARK [2][-]{subsection.8.4}{\376\377\000I\000m\000p\000a\000c\000t\000\040\000o\000f\000\040\000I\000n\000f\000l\000a\000t\000i\000o\000n\000\040\000o\000n\000\040\000E\000c\000o\000n\000o\000m\000i\000c\000\040\000E\000v\000a\000l\000u\000a\000t\000i\000o\000n}{section.8}% 73
